<?xml version="1.0" encoding="utf-8"?><testsuites name="pytest tests"><testsuite name="pytest" errors="0" failures="0" skipped="0" tests="9" time="19.018" timestamp="2026-09-11T08:44:42.851823+00:00" hostname="agent-env-d1d1fa08-d7ba-450c-86da-e22b4d1d9102"><testcase classname="backend.tests.test_checkout_flow.TestQuote" name="test_quote_public_success" time="1.760" /><testcase classname="backend.tests.test_checkout_flow.TestQuote" name="test_quote_authed_returns_wallet" time="1.912" /><testcase classname="backend.tests.test_checkout_flow.TestQuote" name="test_quote_invalid_domain" time="0.149" /><testcase classname="backend.tests.test_checkout_flow.TestQuote" name="test_quote_invalid_plan" time="0.162" /><testcase classname="backend.tests.test_checkout_flow.TestQuote" name="test_quote_empty" time="0.112" /><testcase classname="backend.tests.test_checkout_flow.TestQuote" name="test_quote_taken_domain" time="1.512" /><testcase classname="backend.tests.test_checkout_flow.TestOrders" name="test_orders_requires_auth" time="0.162" /><testcase classname="backend.tests.test_checkout_flow.TestOrders" name="test_create_order_and_idempotent" time="8.889" /><testcase classname="backend.tests.test_checkout_flow.TestAuthRegister" name="test_register_returns_token_and_works" time="4.283" /></testsuite></testsuites>