<?xml version="1.0" encoding="utf-8"?><testsuites name="pytest tests"><testsuite name="pytest" errors="0" failures="0" skipped="0" tests="21" time="12.091" timestamp="2026-09-11T07:41:27.028184+00:00" hostname="agent-env-4e314bad-ff68-4ada-9c7a-3a6918fcd5a7"><testcase classname="backend.tests.test_reseller_auth" name="test_public_endpoint_no_auth[/reseller/health]" time="0.251" /><testcase classname="backend.tests.test_reseller_auth" name="test_public_endpoint_no_auth[/reseller/vps/plans?region=EU]" time="0.191" /><testcase classname="backend.tests.test_reseller_auth" name="test_public_endpoint_no_auth[/reseller/rdp/plans?region=EU]" time="0.191" /><testcase classname="backend.tests.test_reseller_auth" name="test_public_endpoint_no_auth[/reseller/hosting/plans]" time="0.193" /><testcase classname="backend.tests.test_reseller_auth" name="test_public_endpoint_no_auth[/reseller/domains/search?domain=coolstartup2027app.com]" time="1.752" /><testcase classname="backend.tests.test_reseller_auth" name="test_public_endpoint_no_auth[/reseller/domains/suggest?domain=coolstartup2027app]" time="6.346" /><testcase classname="backend.tests.test_reseller_auth" name="test_protected_get_requires_auth[/reseller/account]" time="0.209" /><testcase classname="backend.tests.test_reseller_auth" name="test_protected_get_requires_auth[/reseller/vps]" time="0.119" /><testcase classname="backend.tests.test_reseller_auth" name="test_protected_get_requires_auth[/reseller/rdp]" time="0.129" /><testcase classname="backend.tests.test_reseller_auth" name="test_protected_get_requires_auth[/reseller/domains]" time="0.116" /><testcase classname="backend.tests.test_reseller_auth" name="test_protected_get_requires_auth[/reseller/hosting]" time="0.153" /><testcase classname="backend.tests.test_reseller_auth" name="test_protected_get_requires_auth[/reseller/dns/example.com/records]" time="0.123" /><testcase classname="backend.tests.test_reseller_auth" name="test_protected_post_requires_auth[/reseller/vps]" time="0.111" /><testcase classname="backend.tests.test_reseller_auth" name="test_protected_post_requires_auth[/reseller/rdp]" time="0.136" /><testcase classname="backend.tests.test_reseller_auth" name="test_protected_post_requires_auth[/reseller/domains/register]" time="0.139" /><testcase classname="backend.tests.test_reseller_auth" name="test_protected_post_requires_auth[/reseller/hosting]" time="0.139" /><testcase classname="backend.tests.test_reseller_auth" name="test_protected_with_auth[/reseller/account]" time="0.694" /><testcase classname="backend.tests.test_reseller_auth" name="test_protected_with_auth[/reseller/vps]" time="0.276" /><testcase classname="backend.tests.test_reseller_auth" name="test_protected_with_auth[/reseller/domains]" time="0.257" /><testcase classname="backend.tests.test_reseller_auth" name="test_protected_with_auth[/reseller/hosting]" time="0.279" /><testcase classname="backend.tests.test_reseller_auth" name="test_vps_plans_have_numeric_vcpus" time="0.174" /></testsuite></testsuites>